<?xml version="1.0" encoding="UTF-8"?>
<!-- Generated by org.testng.reporters.JUnitXMLReporter -->
<testsuite hostname="LAPTOP-24SDF65R" ignored="0" name="Surefire test" tests="3" failures="0" timestamp="2021-08-31T20:08:19 IST" time="0.026" errors="0">
  <testcase name="appTest" time="0.003" classname="BDDMavenGroup.AppiumTest"/>
  <testcase name="r" time="0.0" classname="BDDMavenGroup.RestAssureTest"/>
  <testcase name="sTest" time="0.0" classname="BDDMavenGroup.SeleniumTest"/>
</testsuite> <!-- Surefire test -->
