<?xml version="1.0" encoding="UTF-8"?>
<testng-results ignored="0" total="1" passed="1" failed="0" skipped="0">
  <reporter-output>
  </reporter-output>
  <suite started-at="2021-08-29T22:43:46 IST" name="Default suite" finished-at="2021-08-29T22:43:46 IST" duration-ms="34">
    <groups>
    </groups>
    <test started-at="2021-08-29T22:43:46 IST" name="Default test" finished-at="2021-08-29T22:43:46 IST" duration-ms="34">
      <class name="BDDMavenGroup.AppiumTest">
        <test-method signature="appTest()[pri:0, instance:BDDMavenGroup.AppiumTest@73700b80]" started-at="2021-08-29T22:43:46 IST" name="appTest" finished-at="2021-08-29T22:43:46 IST" duration-ms="6" status="PASS">
          <reporter-output>
          </reporter-output>
        </test-method> <!-- appTest -->
      </class> <!-- BDDMavenGroup.AppiumTest -->
    </test> <!-- Default test -->
  </suite> <!-- Default suite -->
</testng-results>
